<?xml version="1.0" encoding="UTF-8"?>
<!-- Generated by org.testng.reporters.JUnitReportReporter -->
<testsuite skipped="0" hostname="Alexs-MacBook-Air.local" name="core.MultiplyTest" tests="4" failures="0" timestamp="20 May 2018 12:27:11 GMT" time="0.004" errors="0">
  <testcase name="multiply_test_instanceOf" time="0.001" classname="core.MultiplyTest"/>
  <testcase name="multiply_test_2_param" time="0.001" classname="core.MultiplyTest"/>
  <testcase name="multiply_test_4_param" time="0.001" classname="core.MultiplyTest"/>
  <testcase name="multiply_test_3_param" time="0.001" classname="core.MultiplyTest"/>
</testsuite> <!-- core.MultiplyTest -->
